# JRE version: OpenJDK Runtime Environment Temurin-11.0.30+7 (11.0.30+7) (build 11.0.30+7)
# Java VM: OpenJDK 64-Bit Server VM Temurin-11.0.30+7 (11.0.30+7, mixed mode, tiered, compressed oops, g1 gc, windows-amd64)
Heap:
 garbage-first heap   total 614400K, used 229404K [0x000000060d400000, 0x0000000800000000)
  region size 2048K, 19 young (38912K), 0 survivors (0K)
 Metaspace       used 120440K, capacity 129295K, committed 129476K, reserved 1163264K
  class space    used 12709K, capacity 15830K, committed 15872K, reserved 1048576K
GC Heap History (20 events):
Event: 64.248 GC heap before
{Heap before GC invocations=34 (full 0):
 garbage-first heap   total 614400K, used 535783K [0x000000060d400000, 0x0000000800000000)
  region size 2048K, 130 young (266240K), 1 survivors (2048K)
 Metaspace       used 120163K, capacity 129036K, committed 129220K, reserved 1163264K
  class space    used 12688K, capacity 15787K, committed 15872K, reserved 1048576K
}
Event: 64.249 GC heap after
{Heap after GC invocations=35 (full 0):
 garbage-first heap   total 614400K, used 271562K [0x000000060d400000, 0x0000000800000000)
  region size 2048K, 1 young (2048K), 1 survivors (2048K)
 Metaspace       used 120163K, capacity 129036K, committed 129220K, reserved 1163264K
  class space    used 12688K, capacity 15787K, committed 15872K, reserved 1048576K
}
Event: 66.568 GC heap before
{Heap before GC invocations=35 (full 0):
 garbage-first heap   total 614400K, used 535754K [0x000000060d400000, 0x0000000800000000)
  region size 2048K, 130 young (266240K), 1 survivors (2048K)
 Metaspace       used 120177K, capacity 129043K, committed 129220K, reserved 1163264K
  class space    used 12689K, capacity 15789K, committed 15872K, reserved 1048576K
}
Event: 66.569 GC heap after
{Heap after GC invocations=36 (full 0):
 garbage-first heap   total 614400K, used 271551K [0x000000060d400000, 0x0000000800000000)
  region size 2048K, 1 young (2048K), 1 survivors (2048K)
 Metaspace       used 120177K, capacity 129043K, committed 129220K, reserved 1163264K
  class space    used 12689K, capacity 15789K, committed 15872K, reserved 1048576K
}
Event: 69.017 GC heap before
{Heap before GC invocations=36 (full 0):
 garbage-first heap   total 614400K, used 537791K [0x000000060d400000, 0x0000000800000000)
  region size 2048K, 131 young (268288K), 1 survivors (2048K)
 Metaspace       used 120182K, capacity 129043K, committed 129220K, reserved 1163264K
  class space    used 12689K, capacity 15789K, committed 15872K, reserved 1048576K
}
Event: 69.018 GC heap after
{Heap after GC invocations=37 (full 0):
 garbage-first heap   total 614400K, used 271628K [0x000000060d400000, 0x0000000800000000)
  region size 2048K, 1 young (2048K), 1 survivors (2048K)
 Metaspace       used 120182K, capacity 129043K, committed 129220K, reserved 1163264K
  class space    used 12689K, capacity 15789K, committed 15872K, reserved 1048576K
}
Event: 71.548 GC heap before
{Heap before GC invocations=37 (full 0):
 garbage-first heap   total 614400K, used 537868K [0x000000060d400000, 0x0000000800000000)
  region size 2048K, 131 young (268288K), 1 survivors (2048K)
 Metaspace       used 120184K, capacity 129043K, committed 129220K, reserved 1163264K
  class space    used 12689K, capacity 15789K, committed 15872K, reserved 1048576K
}
Event: 71.548 GC heap after
{Heap after GC invocations=38 (full 0):
 garbage-first heap   total 614400K, used 271613K [0x000000060d400000, 0x0000000800000000)
  region size 2048K, 1 young (2048K), 1 survivors (2048K)
 Metaspace       used 120184K, capacity 129043K, committed 129220K, reserved 1163264K
  class space    used 12689K, capacity 15789K, committed 15872K, reserved 1048576K
}
Event: 74.138 GC heap before
{Heap before GC invocations=38 (full 0):
 garbage-first heap   total 614400K, used 537853K [0x000000060d400000, 0x0000000800000000)
  region size 2048K, 131 young (268288K), 1 survivors (2048K)
 Metaspace       used 120186K, capacity 129043K, committed 129220K, reserved 1163264K
  class space    used 12689K, capacity 15789K, committed 15872K, reserved 1048576K
}
Event: 74.138 GC heap after
{Heap after GC invocations=39 (full 0):
 garbage-first heap   total 614400K, used 271624K [0x000000060d400000, 0x0000000800000000)
  region size 2048K, 1 young (2048K), 1 survivors (2048K)
 Metaspace       used 120186K, capacity 129043K, committed 129220K, reserved 1163264K
  class space    used 12689K, capacity 15789K, committed 15872K, reserved 1048576K
}
Event: 76.596 GC heap before
{Heap before GC invocations=39 (full 0):
 garbage-first heap   total 614400K, used 537864K [0x000000060d400000, 0x0000000800000000)
  region size 2048K, 131 young (268288K), 1 survivors (2048K)
 Metaspace       used 120248K, capacity 129107K, committed 129220K, reserved 1163264K
  class space    used 12692K, capacity 15789K, committed 15872K, reserved 1048576K
}
Event: 76.597 GC heap after
{Heap after GC invocations=40 (full 0):
 garbage-first heap   total 614400K, used 271660K [0x000000060d400000, 0x0000000800000000)
  region size 2048K, 1 young (2048K), 1 survivors (2048K)
 Metaspace       used 120248K, capacity 129107K, committed 129220K, reserved 1163264K
  class space    used 12692K, capacity 15789K, committed 15872K, reserved 1048576K
}
Event: 79.168 GC heap before
{Heap before GC invocations=40 (full 0):
 garbage-first heap   total 614400K, used 539948K [0x000000060d400000, 0x0000000800000000)
  region size 2048K, 132 young (270336K), 1 survivors (2048K)
 Metaspace       used 120255K, capacity 129107K, committed 129220K, reserved 1163264K
  class space    used 12692K, capacity 15789K, committed 15872K, reserved 1048576K
}
Event: 79.169 GC heap after
{Heap after GC invocations=41 (full 0):
 garbage-first heap   total 614400K, used 271685K [0x000000060d400000, 0x0000000800000000)
  region size 2048K, 1 young (2048K), 1 survivors (2048K)
 Metaspace       used 120255K, capacity 129107K, committed 129220K, reserved 1163264K
  class space    used 12692K, capacity 15789K, committed 15872K, reserved 1048576K
}
Event: 81.458 GC heap before
{Heap before GC invocations=41 (full 0):
 garbage-first heap   total 614400K, used 539973K [0x000000060d400000, 0x0000000800000000)
  region size 2048K, 132 young (270336K), 1 survivors (2048K)
 Metaspace       used 120262K, capacity 129107K, committed 129220K, reserved 1163264K
  class space    used 12692K, capacity 15789K, committed 15872K, reserved 1048576K
}
Event: 81.459 GC heap after
{Heap after GC invocations=42 (full 0):
 garbage-first heap   total 614400K, used 271748K [0x000000060d400000, 0x0000000800000000)
  region size 2048K, 1 young (2048K), 1 survivors (2048K)
 Metaspace       used 120262K, capacity 129107K, committed 129220K, reserved 1163264K
  class space    used 12692K, capacity 15789K, committed 15872K, reserved 1048576K
}
Event: 83.723 GC heap before
{Heap before GC invocations=42 (full 0):
 garbage-first heap   total 614400K, used 540036K [0x000000060d400000, 0x0000000800000000)
  region size 2048K, 132 young (270336K), 1 survivors (2048K)
 Metaspace       used 120272K, capacity 129111K, committed 129220K, reserved 1163264K
  class space    used 12693K, capacity 15789K, committed 15872K, reserved 1048576K
}
Event: 83.724 GC heap after
{Heap after GC invocations=43 (full 0):
 garbage-first heap   total 614400K, used 271877K [0x000000060d400000, 0x0000000800000000)
  region size 2048K, 1 young (2048K), 1 survivors (2048K)
 Metaspace       used 120272K, capacity 129111K, committed 129220K, reserved 1163264K
  class space    used 12693K, capacity 15789K, committed 15872K, reserved 1048576K
}
Event: 84.275 GC heap before
{Heap before GC invocations=43 (full 0):
 garbage-first heap   total 614400K, used 331269K [0x000000060d400000, 0x0000000800000000)
  region size 2048K, 31 young (63488K), 1 survivors (2048K)
 Metaspace       used 120314K, capacity 129111K, committed 129220K, reserved 1163264K
  class space    used 12696K, capacity 15789K, committed 15872K, reserved 1048576K
}
Event: 84.327 GC heap after
{Heap after GC invocations=44 (full 1):
 garbage-first heap   total 614400K, used 194588K [0x000000060d400000, 0x0000000800000000)
  region size 2048K, 0 young (0K), 0 survivors (0K)
 Metaspace       used 120310K, capacity 129105K, committed 129220K, reserved 1163264K
  class space    used 12695K, capacity 15788K, committed 15872K, reserved 1048576K
}

